<?xml version="1.0" encoding="UTF-8"?>
<!-- Generated by org.testng.reporters.JUnitXMLReporter -->
<testsuite hostname="DESKTOP-GK61F68" ignored="0" name="Test" tests="1" failures="1" timestamp="2021-08-27T17:12:08 IST" time="10.224" errors="0">
  <testcase name="runScenario" time="1.357" classname="io.cucumber.testng.AbstractTestNGCucumberTests">
    <failure type="java.lang.NullPointerException">
      <![CDATA[java.lang.NullPointerException
at hook.Hook.setUp(Hook.java:36)
]]>
    </failure>
  </testcase> <!-- runScenario -->
</testsuite> <!-- Test -->
